TN:
SF:src\App.css
FNF:0
FNH:0
LF:0
LH:0
BRF:0
BRH:0
end_of_record
TN:
SF:src\App.tsx
FN:20,(anonymous_0)
FN:25,(anonymous_1)
FN:32,(anonymous_2)
FN:33,(anonymous_3)
FN:35,(anonymous_4)
FN:47,(anonymous_5)
FN:138,App
FN:145,(anonymous_7)
FNF:8
FNH:8
FNDA:10,(anonymous_0)
FNDA:6,(anonymous_1)
FNDA:10,(anonymous_2)
FNDA:6,(anonymous_3)
FNDA:1,(anonymous_4)
FNDA:10,(anonymous_5)
FNDA:10,App
FNDA:1,(anonymous_7)
DA:18,1
DA:20,1
DA:21,10
DA:22,10
DA:23,10
DA:24,10
DA:25,6
DA:28,0
DA:32,1
DA:33,10
DA:35,1
DA:36,1
DA:47,1
DA:51,10
DA:52,10
DA:53,10
DA:55,10
DA:57,10
DA:58,5
DA:63,5
DA:64,1
DA:69,4
DA:70,4
DA:77,10
DA:139,10
DA:140,10
DA:141,10
DA:142,10
DA:145,10
DA:146,1
DA:147,1
DA:148,1
DA:149,1
DA:151,1
DA:152,1
DA:155,10
LF:36
LH:35
BRDA:22,0,0,10
BRDA:22,0,1,4
BRDA:24,1,0,10
BRDA:24,1,1,0
BRDA:57,2,0,5
BRDA:57,2,1,5
BRDA:58,3,0,4
BRDA:58,3,1,1
BRDA:63,4,0,1
BRDA:63,4,1,4
BRDA:64,5,0,1
BRDA:64,5,1,0
BRDA:69,6,0,4
BRDA:69,6,1,0
BRDA:70,7,0,3
BRDA:70,7,1,1
BRDA:98,8,0,10
BRDA:98,8,1,8
BRDA:163,9,0,6
BRDA:163,9,1,4
BRF:20
BRH:17
end_of_record
TN:
SF:src\components\AlertForm.tsx
FN:30,(anonymous_0)
FN:66,(anonymous_1)
FN:69,(anonymous_2)
FN:70,(anonymous_3)
FN:73,(anonymous_4)
FN:79,(anonymous_5)
FN:106,(anonymous_6)
FN:134,(anonymous_7)
FN:135,(anonymous_8)
FN:136,(anonymous_9)
FN:140,(anonymous_10)
FN:143,(anonymous_11)
FN:158,(anonymous_12)
FN:159,(anonymous_13)
FN:165,(anonymous_14)
FN:166,(anonymous_15)
FN:172,(anonymous_16)
FN:173,(anonymous_17)
FN:174,(anonymous_18)
FN:180,(anonymous_19)
FN:290,(anonymous_20)
FN:313,(anonymous_21)
FN:320,(anonymous_22)
FN:326,(anonymous_23)
FN:334,(anonymous_24)
FN:356,(anonymous_25)
FN:361,(anonymous_26)
FN:379,(anonymous_27)
FN:396,(anonymous_28)
FNF:29
FNH:28
FNDA:180,(anonymous_0)
FNDA:25,(anonymous_1)
FNDA:31,(anonymous_2)
FNDA:31,(anonymous_3)
FNDA:11,(anonymous_4)
FNDA:51,(anonymous_5)
FNDA:7,(anonymous_6)
FNDA:6,(anonymous_7)
FNDA:6,(anonymous_8)
FNDA:6,(anonymous_9)
FNDA:0,(anonymous_10)
FNDA:6,(anonymous_11)
FNDA:1,(anonymous_12)
FNDA:1,(anonymous_13)
FNDA:1,(anonymous_14)
FNDA:2,(anonymous_15)
FNDA:1,(anonymous_16)
FNDA:1,(anonymous_17)
FNDA:2,(anonymous_18)
FNDA:13,(anonymous_19)
FNDA:18,(anonymous_20)
FNDA:11,(anonymous_21)
FNDA:8,(anonymous_22)
FNDA:1,(anonymous_23)
FNDA:1,(anonymous_24)
FNDA:10,(anonymous_25)
FNDA:2064,(anonymous_26)
FNDA:1,(anonymous_27)
FNDA:5,(anonymous_28)
DA:5,2
DA:30,2
DA:36,180
DA:55,180
DA:56,180
DA:57,180
DA:58,180
DA:59,180
DA:60,180
DA:61,180
DA:63,180
DA:64,180
DA:66,180
DA:67,25
DA:69,31
DA:70,31
DA:73,180
DA:75,11
DA:76,11
DA:79,180
DA:80,51
DA:81,24
DA:84,27
DA:85,5
DA:86,5
DA:87,5
DA:88,5
DA:89,5
DA:90,5
DA:91,5
DA:92,5
DA:93,5
DA:96,22
DA:97,22
DA:98,22
DA:99,22
DA:100,22
DA:101,22
DA:102,22
DA:103,22
DA:106,180
DA:107,7
DA:108,1
DA:109,1
DA:110,1
DA:113,6
DA:115,6
DA:121,6
DA:124,6
DA:126,5
DA:127,1
DA:130,4
DA:132,4
DA:134,6
DA:135,6
DA:136,6
DA:139,7
DA:140,0
DA:143,7
DA:144,6
DA:147,7
DA:148,7
DA:151,2
DA:152,2
DA:153,2
DA:154,2
DA:158,180
DA:159,1
DA:160,1
DA:161,1
DA:162,1
DA:165,1
DA:166,1
DA:167,2
DA:172,180
DA:173,1
DA:174,2
DA:178,180
DA:180,129
DA:181,13
DA:183,13
DA:185,13
DA:186,1
DA:187,1
DA:190,12
DA:191,1
DA:192,1
DA:195,11
DA:196,1
DA:199,1
DA:202,10
DA:204,10
DA:206,10
DA:214,10
DA:215,10
DA:216,10
DA:217,10
DA:219,10
DA:220,1
DA:223,9
DA:227,13
DA:236,8
DA:237,1
DA:240,7
DA:243,7
DA:244,7
DA:245,7
DA:246,7
DA:247,7
DA:248,7
DA:249,7
DA:250,7
DA:253,3
DA:254,3
DA:256,10
DA:260,129
DA:290,18
DA:313,11
DA:321,8
DA:326,1
DA:334,1
DA:356,10
DA:362,2064
DA:379,1
DA:396,5
LF:125
LH:124
BRDA:5,0,0,2
BRDA:5,0,1,0
BRDA:80,1,0,24
BRDA:80,1,1,27
BRDA:84,2,0,5
BRDA:84,2,1,22
BRDA:86,3,0,5
BRDA:86,3,1,1
BRDA:87,4,0,5
BRDA:87,4,1,1
BRDA:88,5,0,5
BRDA:88,5,1,1
BRDA:107,6,0,1
BRDA:107,6,1,6
BRDA:126,7,0,1
BRDA:126,7,1,4
BRDA:132,8,0,3
BRDA:132,8,1,1
BRDA:151,9,0,1
BRDA:151,9,1,1
BRDA:178,10,0,51
BRDA:178,10,1,129
BRDA:185,11,0,1
BRDA:185,11,1,12
BRDA:190,12,0,1
BRDA:190,12,1,11
BRDA:195,13,0,1
BRDA:195,13,1,10
BRDA:219,14,0,1
BRDA:219,14,1,9
BRDA:219,15,0,10
BRDA:219,15,1,9
BRDA:223,16,0,2
BRDA:223,16,1,7
BRDA:228,17,0,2
BRDA:228,17,1,7
BRDA:236,18,0,1
BRDA:236,18,1,7
BRDA:253,19,0,2
BRDA:253,19,1,1
BRDA:264,20,0,15
BRDA:264,20,1,114
BRDA:271,21,0,180
BRDA:271,21,1,8
BRDA:315,22,0,180
BRDA:315,22,1,124
BRDA:315,22,2,6
BRDA:318,23,0,5
BRDA:318,23,1,1
BRDA:414,24,0,10
BRDA:414,24,1,119
BRF:51
BRH:50
end_of_record
TN:
SF:src\components\AuthLayout.tsx
FN:16,(anonymous_0)
FNF:1
FNH:1
FNDA:61,(anonymous_0)
DA:16,2
DA:26,61
LF:2
LH:2
BRDA:35,0,0,61
BRDA:35,0,1,9
BRDA:41,1,0,61
BRDA:41,1,1,4
BRF:4
BRH:4
end_of_record
TN:
SF:src\hooks\useAuth.ts
FN:1,(anonymous_0)
FN:2,(anonymous_1)
FN:9,(anonymous_2)
FNF:3
FNH:3
FNDA:2,(anonymous_0)
FNDA:1,(anonymous_1)
FNDA:1,(anonymous_2)
DA:1,3
DA:2,2
DA:3,1
DA:4,1
DA:5,1
DA:6,1
DA:9,2
DA:10,1
DA:11,1
DA:12,1
DA:13,1
DA:14,1
DA:17,2
LF:13
LH:13
BRF:0
BRH:0
end_of_record
TN:
SF:src\pages\AlertsManagement.tsx
FN:22,(anonymous_0)
FN:42,(anonymous_1)
FN:53,(anonymous_2)
FN:54,(anonymous_3)
FN:56,(anonymous_4)
FN:59,(anonymous_5)
FN:67,(anonymous_6)
FN:74,(anonymous_7)
FN:79,(anonymous_8)
FN:85,(anonymous_9)
FN:91,(anonymous_10)
FN:119,(anonymous_11)
FN:120,(anonymous_12)
FN:136,(anonymous_13)
FN:172,(anonymous_14)
FN:178,(anonymous_15)
FN:183,(anonymous_16)
FN:187,(anonymous_17)
FN:190,(anonymous_18)
FN:237,(anonymous_19)
FN:240,(anonymous_20)
FN:256,(anonymous_21)
FN:281,(anonymous_22)
FN:293,(anonymous_23)
FN:301,(anonymous_24)
FNF:25
FNH:25
FNDA:55,(anonymous_0)
FNDA:15,(anonymous_1)
FNDA:27,(anonymous_2)
FNDA:27,(anonymous_3)
FNDA:4,(anonymous_4)
FNDA:27,(anonymous_5)
FNDA:5,(anonymous_6)
FNDA:2,(anonymous_7)
FNDA:2,(anonymous_8)
FNDA:2,(anonymous_9)
FNDA:5,(anonymous_10)
FNDA:1,(anonymous_11)
FNDA:1,(anonymous_12)
FNDA:22,(anonymous_13)
FNDA:21,(anonymous_14)
FNDA:30,(anonymous_15)
FNDA:1,(anonymous_16)
FNDA:8,(anonymous_17)
FNDA:2,(anonymous_18)
FNDA:2,(anonymous_19)
FNDA:26,(anonymous_20)
FNDA:3,(anonymous_21)
FNDA:24,(anonymous_22)
FNDA:2,(anonymous_23)
FNDA:5,(anonymous_24)
DA:20,1
DA:22,1
DA:23,55
DA:24,55
DA:25,55
DA:26,55
DA:29,55
DA:30,55
DA:32,55
DA:33,55
DA:34,55
DA:38,55
DA:42,55
DA:50,55
DA:53,27
DA:54,27
DA:56,4
DA:58,55
DA:59,55
DA:60,27
DA:61,27
DA:64,27
DA:66,27
DA:68,5
DA:71,27
DA:74,55
DA:75,2
DA:76,2
DA:79,55
DA:80,2
DA:81,2
DA:82,2
DA:85,55
DA:86,2
DA:87,2
DA:88,2
DA:91,55
DA:92,5
DA:95,5
DA:96,1
DA:99,4
DA:100,4
DA:110,3
DA:111,1
DA:112,1
DA:115,2
DA:116,1
DA:119,1
DA:120,1
DA:122,1
DA:128,2
DA:129,2
DA:136,55
DA:137,22
DA:138,22
DA:147,21
DA:148,1
DA:149,1
DA:151,20
DA:152,2
DA:155,18
DA:156,18
DA:160,22
DA:163,3
DA:164,3
DA:172,55
DA:173,21
DA:174,20
DA:178,55
DA:179,30
DA:180,22
DA:183,8
DA:184,1
DA:187,8
DA:190,55
DA:191,2
DA:192,2
DA:198,2
DA:201,55
DA:237,2
DA:241,26
DA:256,3
DA:282,24
DA:293,2
DA:301,5
LF:85
LH:85
BRDA:20,0,0,1
BRDA:20,0,1,0
BRDA:35,1,0,55
BRDA:35,1,1,1
BRDA:38,2,0,55
BRDA:38,2,1,54
BRDA:38,2,2,54
BRDA:45,3,0,15
BRDA:45,3,1,1
BRDA:46,4,0,15
BRDA:46,4,1,1
BRDA:47,5,0,15
BRDA:47,5,1,1
BRDA:53,6,0,27
BRDA:53,6,1,1
BRDA:60,7,0,27
BRDA:60,7,1,1
BRDA:64,8,0,27
BRDA:64,8,1,2
BRDA:66,9,0,27
BRDA:66,9,1,4
BRDA:71,10,0,27
BRDA:71,10,1,26
BRDA:95,11,0,1
BRDA:95,11,1,4
BRDA:110,12,0,1
BRDA:110,12,1,2
BRDA:115,13,0,1
BRDA:115,13,1,1
BRDA:128,14,0,1
BRDA:128,14,1,1
BRDA:147,15,0,1
BRDA:147,15,1,20
BRDA:151,16,0,2
BRDA:151,16,1,18
BRDA:156,17,0,17
BRDA:156,17,1,1
BRDA:163,18,0,2
BRDA:163,18,1,1
BRDA:173,19,0,20
BRDA:173,19,1,1
BRDA:173,20,0,21
BRDA:173,20,1,20
BRDA:179,21,0,22
BRDA:179,21,1,8
BRDA:194,22,0,1
BRDA:194,22,1,1
BRDA:206,23,0,55
BRDA:206,23,1,54
BRDA:213,24,0,55
BRDA:213,24,1,8
BRDA:216,25,0,3
BRDA:216,25,1,5
BRDA:267,26,0,55
BRDA:267,26,1,54
BRDA:271,27,0,33
BRDA:271,27,1,22
BRDA:274,28,0,32
BRDA:274,28,1,1
BRDA:286,29,0,24
BRDA:286,29,1,24
BRF:61
BRH:60
end_of_record
TN:
SF:src\pages\Auth.css
FNF:0
FNH:0
LF:0
LH:0
BRF:0
BRH:0
end_of_record
TN:
SF:src\pages\Auth.tsx
FN:25,(anonymous_0)
FN:32,(anonymous_1)
FN:45,(anonymous_2)
FN:61,(anonymous_3)
FN:75,(anonymous_4)
FN:79,(anonymous_5)
FN:94,(anonymous_6)
FN:161,(anonymous_7)
FN:298,(anonymous_8)
FN:298,(anonymous_9)
FN:339,(anonymous_10)
FNF:11
FNH:11
FNDA:5,(anonymous_0)
FNDA:1,(anonymous_1)
FNDA:5,(anonymous_2)
FNDA:61,(anonymous_3)
FNDA:24,(anonymous_4)
FNDA:11,(anonymous_5)
FNDA:11,(anonymous_6)
FNDA:1,(anonymous_7)
FNDA:2,(anonymous_8)
FNDA:2,(anonymous_9)
FNDA:2,(anonymous_10)
DA:8,1
DA:25,1
DA:26,5
DA:27,2
DA:30,3
DA:31,1
DA:33,1
DA:38,2
DA:39,2
DA:42,0
DA:45,1
DA:50,5
DA:51,3
DA:54,2
DA:55,1
DA:58,1
DA:61,1
DA:62,61
DA:63,61
DA:64,61
DA:65,61
DA:66,61
DA:73,61
DA:75,61
DA:76,24
DA:79,61
DA:81,11
DA:82,11
DA:83,10
DA:84,10
DA:85,9
DA:89,0
DA:91,9
DA:94,61
DA:95,11
DA:96,11
DA:97,11
DA:98,11
DA:99,2
DA:100,2
DA:103,9
DA:105,11
DA:112,11
DA:113,11
DA:119,7
DA:121,7
DA:122,5
DA:123,5
DA:128,5
DA:131,2
DA:132,1
DA:138,1
DA:139,1
DA:143,7
DA:146,7
DA:150,61
DA:151,1
DA:162,1
DA:163,1
DA:164,1
DA:173,60
DA:174,61
DA:298,2
DA:340,2
DA:341,2
DA:342,2
LF:66
LH:64
BRDA:8,0,0,1
BRDA:8,0,1,0
BRDA:26,1,0,2
BRDA:26,1,1,3
BRDA:30,2,0,1
BRDA:30,2,1,2
BRDA:33,3,0,1
BRDA:33,3,1,0
BRDA:33,4,0,1
BRDA:33,4,1,0
BRDA:38,5,0,2
BRDA:38,5,1,0
BRDA:38,6,0,2
BRDA:38,6,1,2
BRDA:50,7,0,3
BRDA:50,7,1,2
BRDA:50,8,0,5
BRDA:50,8,1,5
BRDA:50,8,2,4
BRDA:54,9,0,1
BRDA:54,9,1,1
BRDA:82,10,0,1
BRDA:82,10,1,10
BRDA:83,11,0,1
BRDA:83,11,1,9
BRDA:85,12,0,0
BRDA:85,12,1,9
BRDA:86,13,0,9
BRDA:86,13,1,1
BRDA:86,13,2,1
BRDA:86,13,3,1
BRDA:98,14,0,2
BRDA:98,14,1,9
BRDA:103,15,0,8
BRDA:103,15,1,1
BRDA:105,16,0,8
BRDA:105,16,1,1
BRDA:121,17,0,5
BRDA:121,17,1,2
BRDA:131,18,0,1
BRDA:131,18,1,1
BRDA:133,19,0,1
BRDA:133,19,1,0
BRDA:134,20,0,1
BRDA:134,20,1,0
BRDA:135,21,0,1
BRDA:135,21,1,0
BRDA:143,22,0,7
BRDA:143,22,1,0
BRDA:150,23,0,1
BRDA:150,23,1,60
BRDA:173,24,0,52
BRDA:173,24,1,8
BRDA:186,25,0,52
BRDA:186,25,1,8
BRDA:188,26,0,52
BRDA:188,26,1,8
BRDA:195,27,0,61
BRDA:195,27,1,9
BRDA:205,28,0,61
BRDA:205,28,1,8
BRDA:234,29,0,61
BRDA:234,29,1,8
BRDA:284,30,0,1
BRDA:284,30,1,59
BRDA:296,31,0,1
BRDA:296,31,1,59
BRDA:313,32,0,1
BRDA:313,32,1,59
BRDA:319,33,0,52
BRDA:319,33,1,8
BRDA:323,34,0,61
BRDA:323,34,1,52
BRDA:335,35,0,52
BRDA:335,35,1,8
BRDA:346,36,0,52
BRDA:346,36,1,8
BRF:77
BRH:68
end_of_record
TN:
SF:src\pages\ForgotPassword.tsx
FN:11,(anonymous_0)
FN:17,(anonymous_1)
FN:81,(anonymous_2)
FNF:3
FNH:3
FNDA:23,(anonymous_0)
FNDA:6,(anonymous_1)
FNDA:5,(anonymous_2)
DA:5,1
DA:11,1
DA:12,23
DA:13,23
DA:14,23
DA:15,23
DA:17,23
DA:18,6
DA:19,6
DA:20,6
DA:22,6
DA:23,1
DA:24,1
DA:27,5
DA:29,5
DA:30,5
DA:39,4
DA:41,4
DA:42,2
DA:48,2
DA:53,3
DA:56,3
DA:58,5
DA:62,23
DA:81,5
LF:25
LH:25
BRDA:5,0,0,1
BRDA:5,0,1,0
BRDA:22,1,0,1
BRDA:22,1,1,5
BRDA:41,2,0,2
BRDA:41,2,1,2
BRDA:43,3,0,2
BRDA:43,3,1,1
BRDA:53,4,0,2
BRDA:53,4,1,1
BRDA:70,5,0,5
BRDA:70,5,1,18
BRF:12
BRH:11
end_of_record
TN:
SF:src\pages\ResetPassword.tsx
FN:12,(anonymous_0)
FN:13,(anonymous_1)
FN:25,(anonymous_2)
FN:101,(anonymous_3)
FN:112,(anonymous_4)
FN:112,(anonymous_5)
FN:145,(anonymous_6)
FN:156,(anonymous_7)
FN:156,(anonymous_8)
FNF:9
FNH:9
FNDA:38,(anonymous_0)
FNDA:9,(anonymous_1)
FNDA:7,(anonymous_2)
FNDA:7,(anonymous_3)
FNDA:2,(anonymous_4)
FNDA:2,(anonymous_5)
FNDA:7,(anonymous_6)
FNDA:1,(anonymous_7)
FNDA:1,(anonymous_8)
DA:6,1
DA:12,1
DA:13,38
DA:14,9
DA:17,38
DA:18,38
DA:19,38
DA:20,38
DA:21,38
DA:22,38
DA:23,38
DA:25,38
DA:26,7
DA:27,7
DA:28,7
DA:30,7
DA:31,1
DA:32,1
DA:35,6
DA:36,1
DA:37,1
DA:40,5
DA:42,5
DA:43,5
DA:55,4
DA:57,4
DA:58,2
DA:64,2
DA:65,2
DA:66,2
DA:69,3
DA:72,3
DA:74,5
DA:78,38
DA:101,7
DA:112,2
DA:145,7
DA:156,1
LF:38
LH:38
BRDA:6,0,0,1
BRDA:6,0,1,0
BRDA:14,1,0,9
BRDA:14,1,1,1
BRDA:30,2,0,1
BRDA:30,2,1,6
BRDA:35,3,0,1
BRDA:35,3,1,5
BRDA:57,4,0,2
BRDA:57,4,1,2
BRDA:59,5,0,2
BRDA:59,5,1,1
BRDA:69,6,0,2
BRDA:69,6,1,1
BRDA:85,7,0,5
BRDA:85,7,1,33
BRDA:99,8,0,2
BRDA:99,8,1,36
BRDA:110,9,0,2
BRDA:110,9,1,36
BRDA:127,10,0,2
BRDA:127,10,1,36
BRDA:143,11,0,2
BRDA:143,11,1,36
BRDA:154,12,0,2
BRDA:154,12,1,36
BRDA:171,13,0,2
BRDA:171,13,1,36
BRF:28
BRH:27
end_of_record
TN:
SF:src\pages\VerifyEmail.tsx
FN:8,(anonymous_0)
FN:14,(anonymous_1)
FN:15,(anonymous_2)
FNF:3
FNH:3
FNDA:8,(anonymous_0)
FNDA:4,(anonymous_1)
FNDA:4,(anonymous_2)
DA:4,1
DA:8,1
DA:9,8
DA:10,8
DA:12,8
DA:14,8
DA:15,4
DA:16,4
DA:18,4
DA:21,4
DA:22,1
DA:23,1
DA:24,1
DA:27,3
DA:29,3
DA:31,3
DA:32,3
DA:43,2
DA:44,1
DA:48,1
DA:51,1
DA:54,1
DA:55,1
DA:60,2
DA:63,2
DA:64,2
DA:68,4
DA:71,8
LF:28
LH:28
BRDA:4,0,0,1
BRDA:4,0,1,0
BRDA:16,1,0,0
BRDA:16,1,1,4
BRDA:18,2,0,4
BRDA:18,2,1,1
BRDA:21,3,0,1
BRDA:21,3,1,3
BRDA:43,4,0,1
BRDA:43,4,1,1
BRDA:48,5,0,1
BRDA:48,5,1,0
BRDA:60,6,0,2
BRDA:60,6,1,0
BRDA:79,7,0,8
BRDA:79,7,1,4
BRDA:85,8,0,8
BRDA:85,8,1,1
BRDA:98,9,0,8
BRDA:98,9,1,3
BRF:20
BRH:16
end_of_record
