TN:
SF:src\App.css
FNF:0
FNH:0
LF:0
LH:0
BRF:0
BRH:0
end_of_record
TN:
SF:src\App.tsx
FN:16,(anonymous_0)
FN:66,App
FN:71,(anonymous_2)
FNF:3
FNH:3
FNDA:4,(anonymous_0)
FNDA:8,App
FNDA:1,(anonymous_2)
DA:16,1
DA:17,4
DA:67,8
DA:68,8
DA:71,8
DA:72,1
DA:73,1
DA:74,1
DA:75,1
DA:77,1
DA:78,1
DA:81,8
LF:12
LH:12
BRDA:89,0,0,4
BRDA:89,0,1,4
BRF:2
BRH:2
end_of_record
TN:
SF:src\components\AlertForm.tsx
FN:30,(anonymous_0)
FN:66,(anonymous_1)
FN:69,(anonymous_2)
FN:70,(anonymous_3)
FN:73,(anonymous_4)
FN:79,(anonymous_5)
FN:106,(anonymous_6)
FN:130,(anonymous_7)
FN:131,(anonymous_8)
FN:132,(anonymous_9)
FN:136,(anonymous_10)
FN:139,(anonymous_11)
FN:154,(anonymous_12)
FN:155,(anonymous_13)
FN:161,(anonymous_14)
FN:162,(anonymous_15)
FN:168,(anonymous_16)
FN:169,(anonymous_17)
FN:170,(anonymous_18)
FN:176,(anonymous_19)
FN:286,(anonymous_20)
FN:309,(anonymous_21)
FN:316,(anonymous_22)
FN:322,(anonymous_23)
FN:330,(anonymous_24)
FN:352,(anonymous_25)
FN:357,(anonymous_26)
FN:375,(anonymous_27)
FN:392,(anonymous_28)
FNF:29
FNH:28
FNDA:180,(anonymous_0)
FNDA:25,(anonymous_1)
FNDA:31,(anonymous_2)
FNDA:31,(anonymous_3)
FNDA:11,(anonymous_4)
FNDA:51,(anonymous_5)
FNDA:7,(anonymous_6)
FNDA:6,(anonymous_7)
FNDA:6,(anonymous_8)
FNDA:6,(anonymous_9)
FNDA:0,(anonymous_10)
FNDA:6,(anonymous_11)
FNDA:1,(anonymous_12)
FNDA:1,(anonymous_13)
FNDA:1,(anonymous_14)
FNDA:2,(anonymous_15)
FNDA:1,(anonymous_16)
FNDA:1,(anonymous_17)
FNDA:2,(anonymous_18)
FNDA:13,(anonymous_19)
FNDA:18,(anonymous_20)
FNDA:11,(anonymous_21)
FNDA:8,(anonymous_22)
FNDA:1,(anonymous_23)
FNDA:1,(anonymous_24)
FNDA:10,(anonymous_25)
FNDA:2064,(anonymous_26)
FNDA:1,(anonymous_27)
FNDA:5,(anonymous_28)
DA:5,2
DA:30,2
DA:36,180
DA:55,180
DA:56,180
DA:57,180
DA:58,180
DA:59,180
DA:60,180
DA:61,180
DA:63,180
DA:64,180
DA:66,180
DA:67,25
DA:69,31
DA:70,31
DA:73,180
DA:75,11
DA:76,11
DA:79,180
DA:80,51
DA:81,24
DA:84,27
DA:85,5
DA:86,5
DA:87,5
DA:88,5
DA:89,5
DA:90,5
DA:91,5
DA:92,5
DA:93,5
DA:96,22
DA:97,22
DA:98,22
DA:99,22
DA:100,22
DA:101,22
DA:102,22
DA:103,22
DA:106,180
DA:107,7
DA:108,1
DA:109,1
DA:110,1
DA:113,6
DA:114,6
DA:118,6
DA:120,6
DA:122,5
DA:123,1
DA:126,4
DA:128,4
DA:130,6
DA:131,6
DA:132,6
DA:135,7
DA:136,0
DA:139,7
DA:140,6
DA:143,7
DA:144,7
DA:147,2
DA:148,2
DA:149,2
DA:150,2
DA:154,180
DA:155,1
DA:156,1
DA:157,1
DA:158,1
DA:161,1
DA:162,1
DA:163,2
DA:168,180
DA:169,1
DA:170,2
DA:174,180
DA:176,129
DA:177,13
DA:179,13
DA:181,13
DA:182,1
DA:183,1
DA:186,12
DA:187,1
DA:188,1
DA:191,11
DA:192,1
DA:195,1
DA:198,10
DA:200,10
DA:202,10
DA:210,10
DA:211,10
DA:212,10
DA:213,10
DA:215,10
DA:216,1
DA:219,9
DA:223,13
DA:232,8
DA:233,1
DA:236,7
DA:239,7
DA:240,7
DA:241,7
DA:242,7
DA:243,7
DA:244,7
DA:245,7
DA:246,7
DA:249,3
DA:250,3
DA:252,10
DA:256,129
DA:286,18
DA:309,11
DA:317,8
DA:322,1
DA:330,1
DA:352,10
DA:358,2064
DA:375,1
DA:392,5
LF:125
LH:124
BRDA:5,0,0,2
BRDA:5,0,1,2
BRDA:80,1,0,24
BRDA:80,1,1,27
BRDA:84,2,0,5
BRDA:84,2,1,22
BRDA:86,3,0,5
BRDA:86,3,1,1
BRDA:87,4,0,5
BRDA:87,4,1,1
BRDA:88,5,0,5
BRDA:88,5,1,1
BRDA:107,6,0,1
BRDA:107,6,1,6
BRDA:122,7,0,1
BRDA:122,7,1,4
BRDA:128,8,0,3
BRDA:128,8,1,1
BRDA:147,9,0,1
BRDA:147,9,1,1
BRDA:174,10,0,51
BRDA:174,10,1,129
BRDA:181,11,0,1
BRDA:181,11,1,12
BRDA:186,12,0,1
BRDA:186,12,1,11
BRDA:191,13,0,1
BRDA:191,13,1,10
BRDA:215,14,0,1
BRDA:215,14,1,9
BRDA:215,15,0,10
BRDA:215,15,1,9
BRDA:219,16,0,2
BRDA:219,16,1,7
BRDA:224,17,0,2
BRDA:224,17,1,7
BRDA:232,18,0,1
BRDA:232,18,1,7
BRDA:249,19,0,2
BRDA:249,19,1,1
BRDA:260,20,0,15
BRDA:260,20,1,114
BRDA:267,21,0,180
BRDA:267,21,1,8
BRDA:311,22,0,180
BRDA:311,22,1,124
BRDA:311,22,2,6
BRDA:314,23,0,5
BRDA:314,23,1,1
BRDA:410,24,0,10
BRDA:410,24,1,119
BRF:51
BRH:51
end_of_record
TN:
SF:src\components\AuthLayout.tsx
FN:16,(anonymous_0)
FNF:1
FNH:1
FNDA:57,(anonymous_0)
DA:16,2
DA:26,57
LF:2
LH:2
BRDA:35,0,0,57
BRDA:35,0,1,9
BRDA:41,1,0,57
BRDA:41,1,1,4
BRF:4
BRH:4
end_of_record
TN:
SF:src\hooks\useAuth.ts
FN:1,(anonymous_0)
FN:2,(anonymous_1)
FN:9,(anonymous_2)
FNF:3
FNH:3
FNDA:2,(anonymous_0)
FNDA:1,(anonymous_1)
FNDA:1,(anonymous_2)
DA:1,3
DA:2,2
DA:3,1
DA:4,1
DA:5,1
DA:6,1
DA:9,2
DA:10,1
DA:11,1
DA:12,1
DA:13,1
DA:14,1
DA:17,2
LF:13
LH:13
BRF:0
BRH:0
end_of_record
TN:
SF:src\pages\AlertsManagement.tsx
FN:22,(anonymous_0)
FN:40,(anonymous_1)
FN:51,(anonymous_2)
FN:52,(anonymous_3)
FN:54,(anonymous_4)
FN:57,(anonymous_5)
FN:65,(anonymous_6)
FN:72,(anonymous_7)
FN:77,(anonymous_8)
FN:83,(anonymous_9)
FN:89,(anonymous_10)
FN:117,(anonymous_11)
FN:118,(anonymous_12)
FN:134,(anonymous_13)
FN:170,(anonymous_14)
FN:176,(anonymous_15)
FN:181,(anonymous_16)
FN:185,(anonymous_17)
FN:188,(anonymous_18)
FN:235,(anonymous_19)
FN:238,(anonymous_20)
FN:254,(anonymous_21)
FN:279,(anonymous_22)
FN:291,(anonymous_23)
FN:299,(anonymous_24)
FNF:25
FNH:25
FNDA:55,(anonymous_0)
FNDA:15,(anonymous_1)
FNDA:27,(anonymous_2)
FNDA:27,(anonymous_3)
FNDA:4,(anonymous_4)
FNDA:27,(anonymous_5)
FNDA:5,(anonymous_6)
FNDA:2,(anonymous_7)
FNDA:2,(anonymous_8)
FNDA:2,(anonymous_9)
FNDA:5,(anonymous_10)
FNDA:1,(anonymous_11)
FNDA:1,(anonymous_12)
FNDA:22,(anonymous_13)
FNDA:21,(anonymous_14)
FNDA:30,(anonymous_15)
FNDA:1,(anonymous_16)
FNDA:8,(anonymous_17)
FNDA:2,(anonymous_18)
FNDA:2,(anonymous_19)
FNDA:26,(anonymous_20)
FNDA:3,(anonymous_21)
FNDA:24,(anonymous_22)
FNDA:2,(anonymous_23)
FNDA:5,(anonymous_24)
DA:20,1
DA:22,1
DA:23,55
DA:24,55
DA:25,55
DA:26,55
DA:29,55
DA:30,55
DA:32,55
DA:33,55
DA:34,55
DA:37,55
DA:38,55
DA:40,55
DA:48,55
DA:51,27
DA:52,27
DA:54,4
DA:56,55
DA:57,55
DA:58,27
DA:59,27
DA:62,27
DA:64,27
DA:66,5
DA:69,27
DA:72,55
DA:73,2
DA:74,2
DA:77,55
DA:78,2
DA:79,2
DA:80,2
DA:83,55
DA:84,2
DA:85,2
DA:86,2
DA:89,55
DA:90,5
DA:93,5
DA:94,1
DA:97,4
DA:98,4
DA:108,3
DA:109,1
DA:110,1
DA:113,2
DA:114,1
DA:117,1
DA:118,1
DA:120,1
DA:126,2
DA:127,2
DA:134,55
DA:135,22
DA:136,22
DA:145,21
DA:146,1
DA:147,1
DA:149,20
DA:150,2
DA:153,18
DA:154,18
DA:158,22
DA:161,3
DA:162,3
DA:170,55
DA:171,21
DA:172,20
DA:176,55
DA:177,30
DA:178,22
DA:181,8
DA:182,1
DA:185,8
DA:188,55
DA:189,2
DA:190,2
DA:196,2
DA:199,55
DA:235,2
DA:239,26
DA:254,3
DA:280,24
DA:291,2
DA:299,5
LF:86
LH:86
BRDA:20,0,0,1
BRDA:20,0,1,1
BRDA:35,1,0,55
BRDA:35,1,1,1
BRDA:38,2,0,55
BRDA:38,2,1,54
BRDA:38,2,2,54
BRDA:43,3,0,15
BRDA:43,3,1,1
BRDA:44,4,0,15
BRDA:44,4,1,1
BRDA:45,5,0,15
BRDA:45,5,1,1
BRDA:51,6,0,27
BRDA:51,6,1,1
BRDA:58,7,0,27
BRDA:58,7,1,1
BRDA:62,8,0,27
BRDA:62,8,1,2
BRDA:64,9,0,27
BRDA:64,9,1,4
BRDA:69,10,0,27
BRDA:69,10,1,26
BRDA:93,11,0,1
BRDA:93,11,1,4
BRDA:108,12,0,1
BRDA:108,12,1,2
BRDA:113,13,0,1
BRDA:113,13,1,1
BRDA:126,14,0,1
BRDA:126,14,1,1
BRDA:145,15,0,1
BRDA:145,15,1,20
BRDA:149,16,0,2
BRDA:149,16,1,18
BRDA:154,17,0,17
BRDA:154,17,1,1
BRDA:161,18,0,2
BRDA:161,18,1,1
BRDA:171,19,0,20
BRDA:171,19,1,1
BRDA:171,20,0,21
BRDA:171,20,1,20
BRDA:177,21,0,22
BRDA:177,21,1,8
BRDA:192,22,0,1
BRDA:192,22,1,1
BRDA:204,23,0,55
BRDA:204,23,1,54
BRDA:211,24,0,55
BRDA:211,24,1,8
BRDA:214,25,0,3
BRDA:214,25,1,5
BRDA:265,26,0,55
BRDA:265,26,1,54
BRDA:269,27,0,33
BRDA:269,27,1,22
BRDA:272,28,0,32
BRDA:272,28,1,1
BRDA:284,29,0,24
BRDA:284,29,1,24
BRF:61
BRH:61
end_of_record
TN:
SF:src\pages\Auth.css
FNF:0
FNH:0
LF:0
LH:0
BRF:0
BRH:0
end_of_record
TN:
SF:src\pages\Auth.tsx
FN:25,(anonymous_0)
FN:32,(anonymous_1)
FN:45,(anonymous_2)
FN:61,(anonymous_3)
FN:74,(anonymous_4)
FN:78,(anonymous_5)
FN:93,(anonymous_6)
FN:160,(anonymous_7)
FN:298,(anonymous_8)
FNF:9
FNH:9
FNDA:5,(anonymous_0)
FNDA:1,(anonymous_1)
FNDA:5,(anonymous_2)
FNDA:58,(anonymous_3)
FNDA:24,(anonymous_4)
FNDA:11,(anonymous_5)
FNDA:11,(anonymous_6)
FNDA:1,(anonymous_7)
FNDA:2,(anonymous_8)
DA:8,1
DA:25,1
DA:26,5
DA:27,2
DA:30,3
DA:31,1
DA:33,1
DA:38,2
DA:39,2
DA:42,0
DA:45,1
DA:50,5
DA:51,3
DA:54,2
DA:55,1
DA:58,1
DA:61,1
DA:62,58
DA:63,58
DA:64,58
DA:65,58
DA:66,58
DA:74,58
DA:75,24
DA:78,58
DA:80,11
DA:81,11
DA:82,10
DA:83,10
DA:84,9
DA:88,0
DA:90,9
DA:93,58
DA:94,11
DA:95,11
DA:96,11
DA:97,11
DA:98,2
DA:99,2
DA:102,9
DA:104,11
DA:111,11
DA:112,11
DA:118,7
DA:120,7
DA:121,5
DA:122,5
DA:127,5
DA:130,2
DA:131,1
DA:137,1
DA:138,1
DA:142,7
DA:145,7
DA:149,58
DA:150,1
DA:161,1
DA:162,1
DA:163,1
DA:172,57
DA:173,58
DA:299,2
DA:300,2
DA:301,2
LF:64
LH:62
BRDA:8,0,0,1
BRDA:8,0,1,1
BRDA:26,1,0,2
BRDA:26,1,1,3
BRDA:30,2,0,1
BRDA:30,2,1,2
BRDA:33,3,0,1
BRDA:33,3,1,0
BRDA:33,4,0,1
BRDA:33,4,1,0
BRDA:38,5,0,2
BRDA:38,5,1,0
BRDA:38,6,0,2
BRDA:38,6,1,2
BRDA:50,7,0,3
BRDA:50,7,1,2
BRDA:50,8,0,5
BRDA:50,8,1,5
BRDA:50,8,2,4
BRDA:54,9,0,1
BRDA:54,9,1,1
BRDA:81,10,0,1
BRDA:81,10,1,10
BRDA:82,11,0,1
BRDA:82,11,1,9
BRDA:84,12,0,0
BRDA:84,12,1,9
BRDA:85,13,0,9
BRDA:85,13,1,1
BRDA:85,13,2,1
BRDA:85,13,3,1
BRDA:97,14,0,2
BRDA:97,14,1,9
BRDA:102,15,0,8
BRDA:102,15,1,1
BRDA:104,16,0,8
BRDA:104,16,1,1
BRDA:120,17,0,5
BRDA:120,17,1,2
BRDA:130,18,0,1
BRDA:130,18,1,1
BRDA:132,19,0,1
BRDA:132,19,1,0
BRDA:133,20,0,1
BRDA:133,20,1,0
BRDA:134,21,0,1
BRDA:134,21,1,0
BRDA:142,22,0,7
BRDA:142,22,1,0
BRDA:149,23,0,1
BRDA:149,23,1,57
BRDA:172,24,0,49
BRDA:172,24,1,8
BRDA:185,25,0,49
BRDA:185,25,1,8
BRDA:187,26,0,49
BRDA:187,26,1,8
BRDA:194,27,0,58
BRDA:194,27,1,9
BRDA:204,28,0,58
BRDA:204,28,1,8
BRDA:233,29,0,58
BRDA:233,29,1,8
BRDA:278,30,0,49
BRDA:278,30,1,8
BRDA:282,31,0,58
BRDA:282,31,1,49
BRDA:294,32,0,49
BRDA:294,32,1,8
BRDA:305,33,0,49
BRDA:305,33,1,8
BRF:71
BRH:63
end_of_record
TN:
SF:src\pages\ForgotPassword.tsx
FN:11,(anonymous_0)
FN:17,(anonymous_1)
FN:81,(anonymous_2)
FNF:3
FNH:3
FNDA:23,(anonymous_0)
FNDA:6,(anonymous_1)
FNDA:5,(anonymous_2)
DA:5,1
DA:11,1
DA:12,23
DA:13,23
DA:14,23
DA:15,23
DA:17,23
DA:18,6
DA:19,6
DA:20,6
DA:22,6
DA:23,1
DA:24,1
DA:27,5
DA:29,5
DA:30,5
DA:39,4
DA:41,4
DA:42,2
DA:48,2
DA:53,3
DA:56,3
DA:58,5
DA:62,23
DA:81,5
LF:25
LH:25
BRDA:5,0,0,1
BRDA:5,0,1,1
BRDA:22,1,0,1
BRDA:22,1,1,5
BRDA:41,2,0,2
BRDA:41,2,1,2
BRDA:43,3,0,2
BRDA:43,3,1,1
BRDA:53,4,0,2
BRDA:53,4,1,1
BRDA:70,5,0,5
BRDA:70,5,1,18
BRF:12
BRH:12
end_of_record
TN:
SF:src\pages\ResetPassword.tsx
FN:11,(anonymous_0)
FN:12,(anonymous_1)
FN:22,(anonymous_2)
FN:91,(anonymous_3)
FN:103,(anonymous_4)
FNF:5
FNH:5
FNDA:34,(anonymous_0)
FNDA:8,(anonymous_1)
FNDA:7,(anonymous_2)
FNDA:7,(anonymous_3)
FNDA:7,(anonymous_4)
DA:5,1
DA:11,1
DA:12,34
DA:13,8
DA:16,34
DA:17,34
DA:18,34
DA:19,34
DA:20,34
DA:22,34
DA:23,7
DA:24,7
DA:25,7
DA:27,7
DA:28,1
DA:29,1
DA:32,6
DA:33,1
DA:34,1
DA:37,5
DA:39,5
DA:40,5
DA:52,4
DA:54,4
DA:55,2
DA:61,2
DA:62,2
DA:63,2
DA:66,3
DA:69,3
DA:71,5
DA:75,34
DA:91,7
DA:103,7
LF:34
LH:34
BRDA:5,0,0,1
BRDA:5,0,1,1
BRDA:13,1,0,8
BRDA:13,1,1,1
BRDA:27,2,0,1
BRDA:27,2,1,6
BRDA:32,3,0,1
BRDA:32,3,1,5
BRDA:54,4,0,2
BRDA:54,4,1,2
BRDA:56,5,0,2
BRDA:56,5,1,1
BRDA:66,6,0,2
BRDA:66,6,1,1
BRDA:82,7,0,5
BRDA:82,7,1,29
BRF:16
BRH:16
end_of_record
TN:
SF:src\pages\VerifyEmail.tsx
FN:8,(anonymous_0)
FN:12,(anonymous_1)
FN:13,(anonymous_2)
FNF:3
FNH:3
FNDA:8,(anonymous_0)
FNDA:4,(anonymous_1)
FNDA:4,(anonymous_2)
DA:4,1
DA:8,1
DA:9,8
DA:10,8
DA:12,8
DA:13,4
DA:15,4
DA:18,4
DA:19,1
DA:20,1
DA:21,1
DA:24,3
DA:25,3
DA:36,2
DA:37,1
DA:41,1
DA:44,1
DA:47,1
DA:48,1
DA:53,2
DA:56,2
DA:57,2
DA:61,4
DA:64,8
LF:24
LH:24
BRDA:4,0,0,1
BRDA:4,0,1,1
BRDA:15,1,0,4
BRDA:15,1,1,1
BRDA:18,2,0,1
BRDA:18,2,1,3
BRDA:36,3,0,1
BRDA:36,3,1,1
BRDA:41,4,0,1
BRDA:41,4,1,0
BRDA:53,5,0,2
BRDA:53,5,1,0
BRDA:72,6,0,8
BRDA:72,6,1,4
BRDA:78,7,0,8
BRDA:78,7,1,1
BRDA:91,8,0,8
BRDA:91,8,1,3
BRF:18
BRH:16
end_of_record
